#
# A fatal error has been detected by the Java Runtime Environment:
#
#  EXCEPTION_ACCESS_VIOLATION (0xc0000005) at pc=0x0000000058168b35, pid=162188, tid=150516
#
# JRE version: Java(TM) SE Runtime Environment (8.0_66-b18) (build 1.8.0_66-b18)
# Java VM: Java HotSpot(TM) 64-Bit Server VM (25.66-b18 mixed mode windows-amd64 compressed oops)
# Problematic frame:
# V  [jvm.dll+0x128b35]
#
# Failed to write core dump. Minidumps are not enabled by default on client versions of Windows
#
# If you would like to submit a bug report, please visit:
#   http://bugreport.java.com/bugreport/crash.jsp
#

---------------  T H R E A D  ---------------

Current thread (0x000000001f424000):  JavaThread "JDWP Transport Listener: dt_socket" daemon [_thread_in_vm, id=150516, stack(0x000000001f990000,0x000000001fa90000)]

siginfo: ExceptionCode=0xc0000005, reading address 0x00003b003b312400

Registers:
RAX=0x000000001fa8f401, RBX=0x000000001f424000, RCX=0x00003b003b312400, RDX=0x0000000000000000
RSP=0x000000001fa8f420, RBP=0x00003b003b312400, RSI=0x000000001fa8f538, RDI=0x0000000003789790
R8 =0x000000001f424000, R9 =0x0000000000008000, R10=0x0000000000000000, R11=0x0000000023258ffd
R12=0x0000000000000000, R13=0x000000001f424fc8, R14=0x0000000000000000, R15=0x0000000000000000
RIP=0x0000000058168b35, EFLAGS=0x0000000000010206

Top of Stack: (sp=0x000000001fa8f420)
0x000000001fa8f420:   000000001f424000 000000001f424000
0x000000001fa8f430:   000000001fa8f4e8 000000005836e2eb
0x000000001fa8f440:   000000001f424000 000000005838ab4d
0x000000001fa8f450:   0000000000000000 0000000057be9155
0x000000001fa8f460:   00000000200b1178 0000000057bf291e
0x000000001fa8f470:   000000001f424000 0000000000000000
0x000000001fa8f480:   0000000000000000 0000000000000000
0x000000001fa8f490:   00003b003b312400 0000000057bf1a15
0x000000001fa8f4a0:   000000001fa8f538 000000001fa8f510
0x000000001fa8f4b0:   0000000000000001 00000000200b1178
0x000000001fa8f4c0:   00003b003b312400 0000000057bd53b3
0x000000001fa8f4d0:   000000001fa8f600 0000000000000001
0x000000001fa8f4e0:   0000000000000001 00000000200b1178
0x000000001fa8f4f0:   00000000f000100a 0000000000000000
0x000000001fa8f500:   0000000000000000 0000000000000000
0x000000001fa8f510:   0000000000000001 0000000057bd5571 

Instructions: (pc=0x0000000058168b35)
0x0000000058168b15:   cc cc cc cc cc cc cc cc cc cc cc 48 83 ec 28 48
0x0000000058168b25:   85 c9 75 07 33 c0 48 83 c4 28 c3 48 89 5c 24 20
0x0000000058168b35:   48 8b 19 48 85 db 74 20 48 83 fb 37 74 1a 48 8b
0x0000000058168b45:   13 48 8b cb ff 52 10 84 c0 74 0d 48 8b c3 48 8b 


Register to memory mapping:

RAX=0x000000001fa8f401 is pointing into the stack for thread: 0x000000001f424000
RBX=0x000000001f424000 is a thread
RCX=0x00003b003b312400 is an unknown value
RDX=0x0000000000000000 is an unknown value
RSP=0x000000001fa8f420 is pointing into the stack for thread: 0x000000001f424000
RBP=0x00003b003b312400 is an unknown value
RSI=0x000000001fa8f538 is pointing into the stack for thread: 0x000000001f424000
RDI=0x0000000003789790 is an unknown value
R8 =0x000000001f424000 is a thread
R9 =0x0000000000008000 is an unknown value
R10=0x0000000000000000 is an unknown value
R11=0x0000000023258ffd is an unknown value
R12=0x0000000000000000 is an unknown value
R13=0x000000001f424fc8 is an unknown value
R14=0x0000000000000000 is an unknown value
R15=0x0000000000000000 is an unknown value


Stack: [0x000000001f990000,0x000000001fa90000],  sp=0x000000001fa8f420,  free space=1021k
Native frames: (J=compiled Java code, j=interpreted, Vv=VM code, C=native code)
V  [jvm.dll+0x128b35]
V  [jvm.dll+0x34ab4d]
C  [jdwp.dll+0x21a15]
C  [jdwp.dll+0x53b3]
C  [jdwp.dll+0x5571]
C  [jdwp.dll+0xf0a8]
C  [jdwp.dll+0x1f2d5]
C  [jdwp.dll+0x1f4aa]
V  [jvm.dll+0x1bba28]
V  [jvm.dll+0x243274]
V  [jvm.dll+0x29a0fa]
C  [msvcr100.dll+0x21d9f]
C  [msvcr100.dll+0x21e3b]
C  [KERNEL32.DLL+0x13034]
C  [ntdll.dll+0x71471]


---------------  P R O C E S S  ---------------

Java Threads: ( => current thread )
  0x0000000025172800 JavaThread "com.google.inject.internal.util.$Finalizer" daemon [_thread_blocked, id=111752, stack(0x00000000257b0000,0x00000000258b0000)]
  0x0000000020ad2000 JavaThread "EMF Reference Cleaner" daemon [_thread_blocked, id=162724, stack(0x0000000021a60000,0x0000000021b60000)]
  0x000000001f6cd000 JavaThread "Service Thread" daemon [_thread_blocked, id=157392, stack(0x0000000020890000,0x0000000020990000)]
  0x000000001f6d6800 JavaThread "C1 CompilerThread3" daemon [_thread_blocked, id=161472, stack(0x0000000020790000,0x0000000020890000)]
  0x000000001f6d5800 JavaThread "C2 CompilerThread2" daemon [_thread_blocked, id=161352, stack(0x0000000020690000,0x0000000020790000)]
  0x000000001fca3000 JavaThread "C2 CompilerThread1" daemon [_thread_blocked, id=147224, stack(0x0000000020590000,0x0000000020690000)]
  0x000000001fca0800 JavaThread "C2 CompilerThread0" daemon [_thread_blocked, id=161688, stack(0x0000000020490000,0x0000000020590000)]
  0x000000001f42b800 JavaThread "JDWP Command Reader" daemon [_thread_in_native, id=162736, stack(0x000000001fb90000,0x000000001fc90000)]
  0x000000001f42a000 JavaThread "JDWP Event Helper Thread" daemon [_thread_blocked, id=162656, stack(0x000000001fa90000,0x000000001fb90000)]
=>0x000000001f424000 JavaThread "JDWP Transport Listener: dt_socket" daemon [_thread_in_vm, id=150516, stack(0x000000001f990000,0x000000001fa90000)]
  0x000000001f3d6000 JavaThread "Attach Listener" daemon [_thread_blocked, id=162780, stack(0x000000001f890000,0x000000001f990000)]
  0x000000001f41b800 JavaThread "Signal Dispatcher" daemon [_thread_blocked, id=162568, stack(0x000000001f790000,0x000000001f890000)]
  0x000000000388d000 JavaThread "Finalizer" daemon [_thread_blocked, id=162564, stack(0x000000001f1a0000,0x000000001f2a0000)]
  0x000000001d2bd800 JavaThread "Reference Handler" daemon [_thread_blocked, id=161900, stack(0x000000001f0a0000,0x000000001f1a0000)]
  0x0000000003794000 JavaThread "main" [_thread_blocked, id=162160, stack(0x0000000003140000,0x0000000003240000)]

Other Threads:
  0x000000001d2b9000 VMThread [stack: 0x000000001efa0000,0x000000001f0a0000] [id=161264]
  0x000000001f78e000 WatcherThread [stack: 0x0000000020990000,0x0000000020a90000] [id=160908]

VM state:not at safepoint (normal execution)

VM Mutex/Monitor currently owned by a thread: None

Heap:
 PSYoungGen      total 76288K, used 72702K [0x000000076b380000, 0x0000000774880000, 0x00000007c0000000)
  eden space 65536K, 94% used [0x000000076b380000,0x000000076f002e80,0x000000076f380000)
  from space 10752K, 99% used [0x000000076fe00000,0x000000077087cbb0,0x0000000770880000)
  to   space 10752K, 0% used [0x000000076f380000,0x000000076f380000,0x000000076fe00000)
 ParOldGen       total 175104K, used 4664K [0x00000006c1a00000, 0x00000006cc500000, 0x000000076b380000)
  object space 175104K, 2% used [0x00000006c1a00000,0x00000006c1e8e010,0x00000006cc500000)
 Metaspace       used 16503K, capacity 16728K, committed 17152K, reserved 1064960K
  class space    used 2137K, capacity 2213K, committed 2304K, reserved 1048576K

Card table byte_map: [0x0000000012c50000,0x0000000013450000] byte_map_base: 0x000000000f643000

Marking Bits: (ParMarkBitMap*) 0x000000005884a5b0
 Begin Bits: [0x00000000141a0000, 0x0000000018138000)
 End Bits:   [0x0000000018138000, 0x000000001c0d0000)

Polling page: 0x0000000001910000

CodeCache: size=245760Kb used=8512Kb max_used=8602Kb free=237247Kb
 bounds [0x0000000003890000, 0x0000000004100000, 0x0000000012890000]
 total_blobs=2338 nmethods=1952 adapters=306
 compilation: enabled

Compilation events (10 events):
Event: 10.512 Thread 0x000000001f6d6800 1949       3       com.google.common.base.Preconditions::checkNotNull (14 bytes)
Event: 10.512 Thread 0x000000001f6d6800 nmethod 1949 0x00000000040cd610 code [0x00000000040cd780, 0x00000000040cd9a8]
Event: 13.812 Thread 0x000000001f6d6800 1950       3       java.util.HashMap::containsKey (18 bytes)
Event: 13.813 Thread 0x000000001f6d6800 nmethod 1950 0x00000000040ccf50 code [0x00000000040cd0e0, 0x00000000040cd4d8]
Event: 13.813 Thread 0x000000001f6d6800 1952       3       org.eclipse.emf.common.util.Pool$AccessUnit::add (126 bytes)
Event: 13.813 Thread 0x000000001f6d6800 nmethod 1952 0x00000000040cc250 code [0x00000000040cc400, 0x00000000040ccc38]
Event: 13.813 Thread 0x000000001f6d6800 1951       3       org.eclipse.emf.common.util.AbstractEList::resolve (2 bytes)
Event: 13.813 Thread 0x000000001f6d6800 nmethod 1951 0x00000000040cbf10 code [0x00000000040cc060, 0x00000000040cc1b0]
Event: 236.924 Thread 0x000000001f6d6800 1953       3       org.eclipse.jdt.launching.internal.org.objectweb.asm.SymbolTable::addConstantMethodType (8 bytes)
Event: 236.924 Thread 0x000000001f6d6800 nmethod 1953 0x00000000040cbb50 code [0x00000000040cbcc0, 0x00000000040cbe68]

GC Heap History (4 events):
Event: 3.814 GC heap before
{Heap before GC invocations=1 (full 0):
 PSYoungGen      total 76288K, used 65536K [0x000000076b380000, 0x0000000770880000, 0x00000007c0000000)
  eden space 65536K, 100% used [0x000000076b380000,0x000000076f380000,0x000000076f380000)
  from space 10752K, 0% used [0x000000076fe00000,0x000000076fe00000,0x0000000770880000)
  to   space 10752K, 0% used [0x000000076f380000,0x000000076f380000,0x000000076fe00000)
 ParOldGen       total 175104K, used 0K [0x00000006c1a00000, 0x00000006cc500000, 0x000000076b380000)
  object space 175104K, 0% used [0x00000006c1a00000,0x00000006c1a00000,0x00000006cc500000)
 Metaspace       used 7870K, capacity 7934K, committed 8192K, reserved 1056768K
  class space    used 901K, capacity 915K, committed 1024K, reserved 1048576K
Event: 3.823 GC heap after
Heap after GC invocations=1 (full 0):
 PSYoungGen      total 76288K, used 10727K [0x000000076b380000, 0x0000000770880000, 0x00000007c0000000)
  eden space 65536K, 0% used [0x000000076b380000,0x000000076b380000,0x000000076f380000)
  from space 10752K, 99% used [0x000000076f380000,0x000000076fdf9e68,0x000000076fe00000)
  to   space 10752K, 0% used [0x000000076fe00000,0x000000076fe00000,0x0000000770880000)
 ParOldGen       total 175104K, used 1394K [0x00000006c1a00000, 0x00000006cc500000, 0x000000076b380000)
  object space 175104K, 0% used [0x00000006c1a00000,0x00000006c1b5ca50,0x00000006cc500000)
 Metaspace       used 7870K, capacity 7934K, committed 8192K, reserved 1056768K
  class space    used 901K, capacity 915K, committed 1024K, reserved 1048576K
}
Event: 4.358 GC heap before
{Heap before GC invocations=2 (full 0):
 PSYoungGen      total 76288K, used 76263K [0x000000076b380000, 0x0000000770880000, 0x00000007c0000000)
  eden space 65536K, 100% used [0x000000076b380000,0x000000076f380000,0x000000076f380000)
  from space 10752K, 99% used [0x000000076f380000,0x000000076fdf9e68,0x000000076fe00000)
  to   space 10752K, 0% used [0x000000076fe00000,0x000000076fe00000,0x0000000770880000)
 ParOldGen       total 175104K, used 1394K [0x00000006c1a00000, 0x00000006cc500000, 0x000000076b380000)
  object space 175104K, 0% used [0x00000006c1a00000,0x00000006c1b5ca50,0x00000006cc500000)
 Metaspace       used 11510K, capacity 11606K, committed 11776K, reserved 1058816K
  class space    used 1413K, capacity 1431K, committed 1536K, reserved 1048576K
Event: 4.369 GC heap after
Heap after GC invocations=2 (full 0):
 PSYoungGen      total 76288K, used 10738K [0x000000076b380000, 0x0000000774880000, 0x00000007c0000000)
  eden space 65536K, 0% used [0x000000076b380000,0x000000076b380000,0x000000076f380000)
  from space 10752K, 99% used [0x000000076fe00000,0x000000077087cbb0,0x0000000770880000)
  to   space 10752K, 0% used [0x000000076f380000,0x000000076f380000,0x000000076fe00000)
 ParOldGen       total 175104K, used 4664K [0x00000006c1a00000, 0x00000006cc500000, 0x000000076b380000)
  object space 175104K, 2% used [0x00000006c1a00000,0x00000006c1e8e010,0x00000006cc500000)
 Metaspace       used 11510K, capacity 11606K, committed 11776K, reserved 1058816K
  class space    used 1413K, capacity 1431K, committed 1536K, reserved 1048576K
}

Deoptimization events (10 events):
Event: 4.620 Thread 0x0000000003794000 Uncommon trap: reason=range_check action=none pc=0x0000000003d5aa24 method=sun.reflect.generics.parser.SignatureParser.current()C @ 34
Event: 4.645 Thread 0x0000000003794000 Uncommon trap: reason=range_check action=none pc=0x0000000003d5aa24 method=sun.reflect.generics.parser.SignatureParser.current()C @ 34
Event: 4.689 Thread 0x0000000003794000 Uncommon trap: reason=range_check action=none pc=0x0000000003d5aa24 method=sun.reflect.generics.parser.SignatureParser.current()C @ 34
Event: 4.691 Thread 0x0000000003794000 Uncommon trap: reason=unstable_if action=reinterpret pc=0x0000000003a515b0 method=java.util.HashMap.hash(Ljava/lang/Object;)I @ 1
Event: 4.691 Thread 0x0000000003794000 Uncommon trap: reason=unstable_if action=reinterpret pc=0x0000000003e5e154 method=java.util.HashMap.hash(Ljava/lang/Object;)I @ 1
Event: 4.697 Thread 0x0000000003794000 Uncommon trap: reason=unstable_if action=reinterpret pc=0x0000000003f4dad8 method=org.eclipse.jdt.launching.internal.org.objectweb.asm.ClassReader.readMethod(Lorg/eclipse/jdt/launching/internal/org/objectweb/asm/ClassVisitor;Lorg/eclipse/jdt/launching/inte…ÒXè@
Event: 4.727 Thread 0x0000000003794000 Uncommon trap: reason=bimorphic action=maybe_recompile pc=0x0000000003d1a454 method=java.util.Hashtable.addEntry(ILjava/lang/Object;Ljava/lang/Object;I)V @ 38
Event: 4.832 Thread 0x0000000003794000 Uncommon trap: reason=unstable_if action=reinterpret pc=0x0000000003fa8140 method=org.eclipse.jdt.launching.internal.org.objectweb.asm.FieldWriter.computeFieldInfoSize()I @ 125
Event: 4.899 Thread 0x0000000003794000 Uncommon trap: reason=bimorphic action=maybe_recompile pc=0x0000000003d1a454 method=java.util.Hashtable.addEntry(ILjava/lang/Object;Ljava/lang/Object;I)V @ 38
Event: 5.084 Thread 0x0000000003794000 Uncommon trap: reason=unstable_if action=reinterpret pc=0x0000000003b42d78 method=java.util.Arrays.equals([B[B)Z @ 2

Internal exceptions (10 events):
Event: 4.620 Thread 0x0000000003794000 Exception <a 'java/lang/ArrayIndexOutOfBoundsException': 63> (0x000000076c9befc0) thrown at [C:\re\workspace\8-2-build-windows-amd64-cygwin\jdk8u66\5298\hotspot\src\share\vm\interpreter\interpreterRuntime.cpp, line 366]
Event: 4.620 Thread 0x0000000003794000 Exception <a 'java/lang/ArrayIndexOutOfBoundsException': 57> (0x000000076c9c03c0) thrown at [C:\re\workspace\8-2-build-windows-amd64-cygwin\jdk8u66\5298\hotspot\src\share\vm\interpreter\interpreterRuntime.cpp, line 366]
Event: 4.620 Thread 0x0000000003794000 Exception <a 'java/lang/ArrayIndexOutOfBoundsException': 60> (0x000000076c9c17b8) thrown at [C:\re\workspace\8-2-build-windows-amd64-cygwin\jdk8u66\5298\hotspot\src\share\vm\interpreter\interpreterRuntime.cpp, line 366]
Event: 4.645 Thread 0x0000000003794000 Exception <a 'java/lang/ArrayIndexOutOfBoundsException': 96> (0x000000076cb696f0) thrown at [C:\re\workspace\8-2-build-windows-amd64-cygwin\jdk8u66\5298\hotspot\src\share\vm\interpreter\interpreterRuntime.cpp, line 366]
Event: 4.689 Thread 0x0000000003794000 Exception <a 'java/lang/ArrayIndexOutOfBoundsException': 75> (0x000000076cf89458) thrown at [C:\re\workspace\8-2-build-windows-amd64-cygwin\jdk8u66\5298\hotspot\src\share\vm\interpreter\interpreterRuntime.cpp, line 366]
Event: 4.691 Thread 0x0000000003794000 Implicit null exception at 0x0000000003a51518 to 0x0000000003a515a6
Event: 4.691 Thread 0x0000000003794000 Implicit null exception at 0x0000000003e5de94 to 0x0000000003e5e13d
Event: 4.913 Thread 0x0000000003794000 Exception <a 'java/io/FileNotFoundException'> (0x000000076e585008) thrown at [C:\re\workspace\8-2-build-windows-amd64-cygwin\jdk8u66\5298\hotspot\src\share\vm\prims\jni.cpp, line 709]
Event: 5.071 Thread 0x0000000003794000 Exception <a 'java/lang/NoSuchFieldError': method resolution failed> (0x000000076edac1e8) thrown at [C:\re\workspace\8-2-build-windows-amd64-cygwin\jdk8u66\5298\hotspot\src\share\vm\prims\methodHandles.cpp, line 1146]
Event: 5.075 Thread 0x0000000003794000 Exception <a 'java/lang/NoSuchFieldError': method resolution failed> (0x000000076edba148) thrown at [C:\re\workspace\8-2-build-windows-amd64-cygwin\jdk8u66\5298\hotspot\src\share\vm\prims\methodHandles.cpp, line 1146]

Events (10 events):
Event: 236.920 Executing VM operation: GetCurrentLocation
Event: 236.921 Executing VM operation: GetCurrentLocation done
Event: 236.921 Executing VM operation: EnterInterpOnlyMode
Event: 236.921 Executing VM operation: EnterInterpOnlyMode done
Event: 236.921 Executing VM operation: ChangeSingleStep
Event: 236.921 Executing VM operation: ChangeSingleStep done
Event: 236.921 Executing VM operation: ChangeSingleStep
Event: 236.921 Executing VM operation: ChangeSingleStep done
Event: 236.925 Executing VM operation: RedefineClasses
Event: 236.936 Executing VM operation: RedefineClasses done


Dynamic libraries:
0x00007ff72f3d0000 - 0x00007ff72f407000 	C:\Program Files\Java\jdk1.8.0_66\bin\javaw.exe
0x00007ff901c90000 - 0x00007ff901e71000 	C:\WINDOWS\SYSTEM32\ntdll.dll
0x00007ff9019e0000 - 0x00007ff901a92000 	C:\WINDOWS\System32\KERNEL32.DLL
0x00007ff8fe530000 - 0x00007ff8fe7a3000 	C:\WINDOWS\System32\KERNELBASE.dll
0x00007ff901730000 - 0x00007ff9017d1000 	C:\WINDOWS\System32\ADVAPI32.dll
0x00007ff901460000 - 0x00007ff9014fe000 	C:\WINDOWS\System32\msvcrt.dll
0x00007ff9017e0000 - 0x00007ff90183b000 	C:\WINDOWS\System32\sechost.dll
0x00007ff900db0000 - 0x00007ff900ed4000 	C:\WINDOWS\System32\RPCRT4.dll
0x00007ff901840000 - 0x00007ff9019d0000 	C:\WINDOWS\System32\USER32.dll
0x00007ff8fe850000 - 0x00007ff8fe870000 	C:\WINDOWS\System32\win32u.dll
0x00007ff901ad0000 - 0x00007ff901af8000 	C:\WINDOWS\System32\GDI32.dll
0x00007ff8fef80000 - 0x00007ff8ff112000 	C:\WINDOWS\System32\gdi32full.dll
0x00007ff8fe7b0000 - 0x00007ff8fe84f000 	C:\WINDOWS\System32\msvcp_win.dll
0x00007ff8fe430000 - 0x00007ff8fe52a000 	C:\WINDOWS\System32\ucrtbase.dll
0x00007ff8efb40000 - 0x00007ff8efda9000 	C:\WINDOWS\WinSxS\amd64_microsoft.windows.common-controls_6595b64144ccf1df_6.0.17134.407_none_fb449d63306391e9\COMCTL32.dll
0x00007ff900a80000 - 0x00007ff900da2000 	C:\WINDOWS\System32\combase.dll
0x00007ff8fe060000 - 0x00007ff8fe0da000 	C:\WINDOWS\System32\bcryptPrimitives.dll
0x00007ff901aa0000 - 0x00007ff901acd000 	C:\WINDOWS\System32\IMM32.DLL
0x00007ff8fd140000 - 0x00007ff8fd171000 	C:\WINDOWS\SYSTEM32\ntmarta.dll
0x00007ff8fdea0000 - 0x00007ff8fded0000 	C:\WINDOWS\SYSTEM32\SspiCli.dll
0x0000000057c10000 - 0x0000000057ce2000 	C:\Program Files\Java\jdk1.8.0_66\jre\bin\msvcr100.dll
0x0000000058040000 - 0x00000000588c9000 	C:\Program Files\Java\jdk1.8.0_66\jre\bin\server\jvm.dll
0x00007ff900a10000 - 0x00007ff900a18000 	C:\WINDOWS\System32\PSAPI.DLL
0x00007ff8fbf00000 - 0x00007ff8fbf23000 	C:\WINDOWS\SYSTEM32\WINMM.dll
0x00007ff8e94b0000 - 0x00007ff8e94b9000 	C:\WINDOWS\SYSTEM32\WSOCK32.dll
0x00007ff900f00000 - 0x00007ff900f6c000 	C:\WINDOWS\System32\WS2_32.dll
0x00007ff8f76a0000 - 0x00007ff8f76aa000 	C:\WINDOWS\SYSTEM32\VERSION.dll
0x00007ff8fb890000 - 0x00007ff8fb8ba000 	C:\WINDOWS\SYSTEM32\WINMMBASE.dll
0x00007ff8fe2d0000 - 0x00007ff8fe319000 	C:\WINDOWS\System32\cfgmgr32.dll
0x0000000058030000 - 0x000000005803f000 	C:\Program Files\Java\jdk1.8.0_66\jre\bin\verify.dll
0x0000000058000000 - 0x0000000058029000 	C:\Program Files\Java\jdk1.8.0_66\jre\bin\java.dll
0x0000000057bd0000 - 0x0000000057c05000 	C:\Program Files\Java\jdk1.8.0_66\jre\bin\jdwp.dll
0x0000000057bc0000 - 0x0000000057bc8000 	C:\Program Files\Java\jdk1.8.0_66\jre\bin\npt.dll
0x0000000057b90000 - 0x0000000057bb3000 	C:\Program Files\Java\jdk1.8.0_66\jre\bin\instrument.dll
0x0000000057fe0000 - 0x0000000057ff6000 	C:\Program Files\Java\jdk1.8.0_66\jre\bin\zip.dll
0x00007ff8ff470000 - 0x00007ff9008af000 	C:\WINDOWS\System32\SHELL32.dll
0x00007ff901500000 - 0x00007ff9015a9000 	C:\WINDOWS\System32\shcore.dll
0x00007ff8fe870000 - 0x00007ff8fef7d000 	C:\WINDOWS\System32\windows.storage.dll
0x00007ff901b00000 - 0x00007ff901b51000 	C:\WINDOWS\System32\shlwapi.dll
0x00007ff8fe030000 - 0x00007ff8fe041000 	C:\WINDOWS\System32\kernel.appcore.dll
0x00007ff8fe010000 - 0x00007ff8fe02f000 	C:\WINDOWS\System32\profapi.dll
0x00007ff8fdfc0000 - 0x00007ff8fe00c000 	C:\WINDOWS\System32\powrprof.dll
0x00007ff8fe050000 - 0x00007ff8fe05a000 	C:\WINDOWS\System32\FLTLIB.DLL
0x0000000057b80000 - 0x0000000057b89000 	C:\Program Files\Java\jdk1.8.0_66\jre\bin\dt_socket.dll
0x00007ff8cd9a0000 - 0x00007ff8cd9b6000 	C:\WINDOWS\system32\napinsp.dll
0x00007ff8cd900000 - 0x00007ff8cd91a000 	C:\WINDOWS\system32\pnrpnsp.dll
0x00007ff8f9dc0000 - 0x00007ff8f9dd9000 	C:\WINDOWS\system32\NLAapi.dll
0x00007ff8fd820000 - 0x00007ff8fd886000 	C:\WINDOWS\System32\mswsock.dll
0x00007ff8fd5e0000 - 0x00007ff8fd69e000 	C:\WINDOWS\SYSTEM32\DNSAPI.dll
0x00007ff901b60000 - 0x00007ff901b68000 	C:\WINDOWS\System32\NSI.dll
0x00007ff8fd5a0000 - 0x00007ff8fd5d8000 	C:\WINDOWS\SYSTEM32\IPHLPAPI.DLL
0x00007ff8e7270000 - 0x00007ff8e727e000 	C:\WINDOWS\System32\winrnr.dll
0x00007ff8f5360000 - 0x00007ff8f5375000 	C:\WINDOWS\System32\wshbth.dll
0x00007ff8f6340000 - 0x00007ff8f63b2000 	C:\WINDOWS\System32\fwpuclnt.dll
0x00007ff8fdb00000 - 0x00007ff8fdb25000 	C:\WINDOWS\SYSTEM32\bcrypt.dll
0x00007ff8f2810000 - 0x00007ff8f281a000 	C:\Windows\System32\rasadhlp.dll
0x00007ff8e77c0000 - 0x00007ff8e7989000 	C:\WINDOWS\SYSTEM32\dbghelp.dll

VM Arguments:
jvm_args: -agentlib:jdwp=transport=dt_socket,suspend=y,address=localhost:63825 -javaagent:C:\Users\Aron B.-Szabo\eclipse\modeling-2018-09\eclipse\configuration\org.eclipse.osgi\600\0\.cp\lib\javaagent-shaded.jar -Dfile.encoding=MS932 
java_command: hu.bme.mit.mealeymodel.dhc.Main
java_class_path (initial): C:\Users\Aron B.-Szabo\.p2\pool\plugins\org.eclipse.emf.ecore_2.15.0.v20180722-1159.jar;C:\Users\Aron B.-Szabo\.p2\pool\plugins\org.eclipse.emf.common_2.15.0.v20180723-1316.jar;C:\Users\Aron B.-Szabo\.p2\pool\plugins\org.eclipse.core.runtime_3.15.0.v20180817-1401.jar;C:\Users\Aron B.-Szabo\.p2\pool\plugins\javax.inject_1.0.0.v20091030.jar;C:\Users\Aron B.-Szabo\.p2\pool\plugins\org.eclipse.osgi_3.13.100.v20180827-1536.jar;C:\Users\Aron B.-Szabo\.p2\pool\plugins\org.eclipse.osgi.compatibility.state_1.1.200.v20180827-1536.jar;C:\Users\Aron B.-Szabo\.p2\pool\plugins\org.eclipse.equinox.common_3.10.100.v20180827-1235.jar;C:\Users\Aron B.-Szabo\.p2\pool\plugins\org.eclipse.core.jobs_3.10.100.v20180817-1215.jar;C:\Users\Aron B.-Szabo\.p2\pool\plugins\org.eclipse.equinox.registry_3.8.100.v20180827-1235.jar;C:\Users\Aron B.-Szabo\.p2\pool\plugins\org.eclipse.equinox.preferences_3.7.200.v20180827-1235.jar;C:\Users\Aron B.-Szabo\.p2\pool\plugins\org.eclipse.core.contenttype_3.7.100.v20180817-1401.jar;C:\Users\Aron B.-Szabo\.p2\pool\plugins\org.eclipse.equinox.app_1.3.600.v20180827-1235.jar;C:\Users\Aron B.-Szabo\.p2\pool\plugins\org.eclipse.emf.mwe.utils_1.3.21.201705291011.jar;C:\Users\Aron B.-Szabo\.p2\pool\plugins\org.eclipse.xtext_2.15.0.v20180916-0722.jar;C:\Users\Aron B.-Szabo\.p2\pool\plugins\org.eclipse.emf.ecore.xmi_2.15.0.v20180706-1146.jar;C:\Users\Aron B.-Szabo\.p2\pool\plugins\org.antlr.runtime_3.2.0.v201101311130.jar;C:\Users\Aron B.-Szabo\.p2\pool\plugins\com.google.inject_3.0.0.v201312141243.jar;C:\Users\Aron B.-Szabo\.p2\pool\plugins\org.eclipse.emf.mwe.core_1.3.21.201705291011.jar;C:\Users\Aron B.-Szabo\.p2\pool\plugins\org.apache.commons.cli_1.2.0.v201404270220.jar;C:\Users\Aron B.-Szabo\.p2\pool\plugins\org.eclipse.emf.mwe2.runtime_2.9.1.201705291011.jar;C:\Users\Aron B.-Szabo\.p2\pool\plugins\org.eclipse.xtext.util_2.15.0.v20180916-0722.jar;C:\Users\Aron B.-Szabo\.p2\pool\plugins\com.google.guava_21.0.0.v20170206-1425.jar;C:\U
Launcher Type: SUN_STANDARD

Environment Variables:
JAVA_HOME=C:\Program Files\Java\jdk1.8.0_66
PATH=C:\Program Files\Java\jdk1.8.0_66\jre\bin;C:/Program Files/Java/jdk1.8.0_66/bin/../jre/bin/server;C:/Program Files/Java/jdk1.8.0_66/bin/../jre/bin;C:/Program Files/Java/jdk1.8.0_66/bin/../jre/lib/amd64;C:\Python27\;C:\Python27\Scripts;C:\ProgramData\Boxstarter;C:\Program Files\Java\jdk1.8.0_66\bin;C:\ProgramData\Oracle\Java\javapath;C:\Program Files (x86)\Intel\iCLS Client\;C:\Program Files\Intel\iCLS Client\;C:\WINDOWS\system32;C:\WINDOWS;C:\WINDOWS\System32\Wbem;C:\WINDOWS\System32\WindowsPowerShell\v1.0\;C:\Program Files\Intel\Intel(R) Management Engine Components\DAL;C:\Program Files (x86)\Intel\Intel(R) Management Engine Components\DAL;C:\Program Files\Intel\Intel(R) Management Engine Components\IPT;C:\Program Files (x86)\Intel\Intel(R) Management Engine Components\IPT;C:\TDM-GCC-64\bin;C:\Program Files\Git\cmd;C:\Program Files (x86)\PuTTY\;C:\Users\Aron B.-Szabo\.dnx\bin;C:\Program Files\Microsoft DNX\Dnvm\;C:\Program Files\Microsoft SQL Server\130\Tools\Binn\;C:\Program Files (x86)\Skype\Phone\;C:\Program Files\TortoiseSVN\bin;C:\Program Files (x86)\GtkSharp\2.12\bin;C:\Program Files (x86)\MySQL\MySQL Fabric 1.5 & MySQL Utilities 1.5\;C:\Program Files (x86)\MySQL\MySQL Fabric 1.5 & MySQL Utilities 1.5\Doctrine extensions for PHP\;C:\Maven\apache-maven-3.3.9\bin;C:\Program Files\MiKTeX 2.9\miktex\bin\x64\;C:\WINDOWS\system32;C:\WINDOWS;C:\WINDOWS\System32\Wbem;C:\WINDOWS\System32\WindowsPowerShell\v1.0\;C:\Program Files\dotnet\;;C:\WINDOWS\System32\OpenSSH\;C:\Program Files\nodejs\;C:\ProgramData\chocolatey\bin;C:\Users\Aron B.-Szabo\AppData\Local\Microsoft\WindowsApps;;C:\Users\Aron B.-Szabo\AppData\Local\Programs\Microsoft VS Code\bin;C:\Users\Aron B.-Szabo\AppData\Roaming\npm;C:\Users\Aron B.-Szabo\Desktop;
USERNAME=Aron B.-Szabo
OS=Windows_NT
PROCESSOR_IDENTIFIER=Intel64 Family 6 Model 60 Stepping 3, GenuineIntel



---------------  S Y S T E M  ---------------

OS: Windows 10.0 , 64 bit Build 17134 (10.0.17134.1)

CPU:total 8 (4 cores per cpu, 2 threads per core) family 6 model 60 stepping 3, cmov, cx8, fxsr, mmx, sse, sse2, sse3, ssse3, sse4.1, sse4.2, popcnt, avx, avx2, aes, clmul, erms, lzcnt, ht, tsc, tscinvbit, bmi1, bmi2

Memory: 4k page, physical 16663596k(6630292k free), swap 22292716k(6143292k free)

vm_info: Java HotSpot(TM) 64-Bit Server VM (25.66-b18) for windows-amd64 JRE (1.8.0_66-b18), built on Nov  9 2015 10:51:13 by "java_re" with MS VC++ 10.0 (VS2010)

time: Mon Dec 03 01:17:33 2018
elapsed time: 236 seconds (0d 0h 3m 56s)

